<?xml version="1.0" encoding="UTF-8"?>
<!-- Generated by org.testng.reporters.JUnitXMLReporter -->
<testsuite ignored="0" hostname="MSI" failures="0" tests="6"
	name="Command line test" time="0.421" errors="0"
	timestamp="2023-11-24T21:33:20 IST">
	<testcase classname="opencart.Shopping" name="@BeforeTest preTestConfig"
		time="0.417">
		<failure type="org.openqa.selenium.SessionNotCreatedException"
			message="Could not start a new session. Response code 500. Message: unknown error: no chrome binary at ./src/test/resources/chrome-win64/chrome.exe 
Host info: host: &amp;apos;MSI&amp;apos;, ip: &amp;apos;192.168.0.109&amp;apos;
Build info: version: &amp;apos;4.15.0&amp;apos;, revision: &amp;apos;1d14b5521b&amp;apos;
System info: os.name: &amp;apos;Windows 11&amp;apos;, os.arch: &amp;apos;amd64&amp;apos;, os.version: &amp;apos;10.0&amp;apos;, java.version: &amp;apos;17.0.8.1&amp;apos;
Driver info: org.openqa.selenium.chrome.ChromeDriver
Command: [null, newSession {capabilities=[Capabilities {browserName: chrome, goog:chromeOptions: {args: [--headless, --window-size=1440, 900], binary: ./src/test/resources/chrome..., extensions: []}}]}]">
      <![CDATA[org.openqa.selenium.SessionNotCreatedException: Could not start a new session. Response code 500. Message: unknown error: no chrome binary at ./src/test/resources/chrome-win64/chrome.exe 
Host info: host: 'MSI', ip: '192.168.0.109'
Build info: version: '4.15.0', revision: '1d14b5521b'
System info: os.name: 'Windows 11', os.arch: 'amd64', os.version: '10.0', java.version: '17.0.8.1'
Driver info: org.openqa.selenium.chrome.ChromeDriver
Command: [null, newSession {capabilities=[Capabilities {browserName: chrome, goog:chromeOptions: {args: [--headless, --window-size=1440, 900], binary: ./src/test/resources/chrome..., extensions: []}}]}]
at org.openqa.selenium.remote.ProtocolHandshake.createSession(ProtocolHandshake.java:140)
at org.openqa.selenium.remote.ProtocolHandshake.createSession(ProtocolHandshake.java:96)
at org.openqa.selenium.remote.ProtocolHandshake.createSession(ProtocolHandshake.java:68)
at org.openqa.selenium.remote.HttpCommandExecutor.execute(HttpCommandExecutor.java:163)
at org.openqa.selenium.remote.service.DriverCommandExecutor.invokeExecute(DriverCommandExecutor.java:200)
at org.openqa.selenium.remote.service.DriverCommandExecutor.execute(DriverCommandExecutor.java:175)
at org.openqa.selenium.remote.RemoteWebDriver.execute(RemoteWebDriver.java:607)
at org.openqa.selenium.remote.RemoteWebDriver.startSession(RemoteWebDriver.java:241)
at org.openqa.selenium.remote.RemoteWebDriver.<init>(RemoteWebDriver.java:168)
at org.openqa.selenium.chromium.ChromiumDriver.<init>(ChromiumDriver.java:108)
at org.openqa.selenium.chrome.ChromeDriver.<init>(ChromeDriver.java:89)
at org.openqa.selenium.chrome.ChromeDriver.<init>(ChromeDriver.java:84)
at org.openqa.selenium.chrome.ChromeDriver.<init>(ChromeDriver.java:73)
at opencart.Shopping.preTestConfig(Shopping.java:53)
at opencart.TestSuite.executeTestSuite(TestSuite.java:116)
at java.base/java.util.ArrayList.forEach(ArrayList.java:1511)
... Removed 48 stack frames]]>
    </failure>
	</testcase> <!--
	@BeforeTest preTestConfig -->
	<testcase classname="opencart.Shopping" name="@AfterClass postTestConfig"
		time="-1.700841800278E9">
		<skipped />
	</testcase> <!-- @AfterClass postTestConfig -->
	<testcase classname="opencart.Shopping" name="siteNavigationTestBlog"
		time="0.0">
		<skipped />
	</testcase> <!-- siteNavigationTestBlog -->
	<testcase classname="opencart.Shopping" name="siteNavigationTestDemo"
		time="0.0">
		<skipped />
	</testcase> <!-- siteNavigationTestDemo -->
	<testcase classname="opencart.Shopping" name="siteNavigationTestDownload"
		time="0.0">
		<skipped />
	</testcase> <!-- siteNavigationTestDownload -->
	<testcase classname="opencart.Shopping" name="siteNavigationTestFeatures"
		time="0.0">
		<skipped />
	</testcase> <!-- siteNavigationTestFeatures -->
	<testcase classname="opencart.Shopping" name="siteNavigationTestHomepage"
		time="0.0">
		<skipped />
	</testcase> <!-- siteNavigationTestHomepage -->
	<testcase classname="opencart.Shopping" name="siteNavigationTestMarketplace"
		time="0.0">
		<skipped />
	</testcase> <!-- siteNavigationTestMarketplace -->
</testsuite> <!-- Command line test -->
